\BOOKMARK [1][-]{Section.0.Introduction.1}{\376\377\000I\000n\000t\000r\000o\000d\000u\000c\000t\000i\000o\000n}{}% 1
\BOOKMARK [1][-]{Section.1.Interactive interface for partitioning.1}{\376\377\000I\000n\000t\000e\000r\000a\000c\000t\000i\000v\000e\000\040\000i\000n\000t\000e\000r\000f\000a\000c\000e\000\040\000f\000o\000r\000\040\000p\000a\000r\000t\000i\000t\000i\000o\000n\000i\000n\000g}{}% 2
\BOOKMARK [2][-]{Subsection.2.0.Overview of the graphical user interface (GUI).2}{\376\377\000O\000v\000e\000r\000v\000i\000e\000w\000\040\000o\000f\000\040\000t\000h\000e\000\040\000g\000r\000a\000p\000h\000i\000c\000a\000l\000\040\000u\000s\000e\000r\000\040\000i\000n\000t\000e\000r\000f\000a\000c\000e\000\040\000\050\000G\000U\000I\000\051}{Section.1.Interactive interface for partitioning.1}% 3
\BOOKMARK [2][-]{Subsection.2.1.R/Python interface.2}{\376\377\000R\000/\000P\000y\000t\000h\000o\000n\000\040\000i\000n\000t\000e\000r\000f\000a\000c\000e}{Section.1.Interactive interface for partitioning.1}% 4
\BOOKMARK [2][-]{Subsection.2.2.Structure of the Python code.2}{\376\377\000S\000t\000r\000u\000c\000t\000u\000r\000e\000\040\000o\000f\000\040\000t\000h\000e\000\040\000P\000y\000t\000h\000o\000n\000\040\000c\000o\000d\000e}{Section.1.Interactive interface for partitioning.1}% 5
\BOOKMARK [2][-]{Subsection.2.3.Bit blit.2}{\376\377\000B\000i\000t\000\040\000b\000l\000i\000t}{Section.1.Interactive interface for partitioning.1}% 6
\BOOKMARK [1][-]{Section.2.Workflow with the lionfish package.1}{\376\377\000W\000o\000r\000k\000f\000l\000o\000w\000\040\000w\000i\000t\000h\000\040\000t\000h\000e\000\040\000l\000i\000o\000n\000f\000i\000s\000h\000\040\000p\000a\000c\000k\000a\000g\000e}{}% 7
\BOOKMARK [2][-]{Subsection.3.0.Feature and cluster relationships.2}{\376\377\000F\000e\000a\000t\000u\000r\000e\000\040\000a\000n\000d\000\040\000c\000l\000u\000s\000t\000e\000r\000\040\000r\000e\000l\000a\000t\000i\000o\000n\000s\000h\000i\000p\000s}{Section.2.Workflow with the lionfish package.1}% 8
\BOOKMARK [2][-]{Subsection.3.1.Subset selection.2}{\376\377\000S\000u\000b\000s\000e\000t\000\040\000s\000e\000l\000e\000c\000t\000i\000o\000n}{Section.2.Workflow with the lionfish package.1}% 9
\BOOKMARK [2][-]{Subsection.3.2.Reproducibility.2}{\376\377\000R\000e\000p\000r\000o\000d\000u\000c\000i\000b\000i\000l\000i\000t\000y}{Section.2.Workflow with the lionfish package.1}% 10
\BOOKMARK [1][-]{Section.3.Applications.1}{\376\377\000A\000p\000p\000l\000i\000c\000a\000t\000i\000o\000n\000s}{}% 11
\BOOKMARK [2][-]{Subsection.4.0.Austrian Vacation Activities dataset.2}{\376\377\000A\000u\000s\000t\000r\000i\000a\000n\000\040\000V\000a\000c\000a\000t\000i\000o\000n\000\040\000A\000c\000t\000i\000v\000i\000t\000i\000e\000s\000\040\000d\000a\000t\000a\000s\000e\000t}{Section.3.Applications.1}% 12
\BOOKMARK [3][-]{Subsubsection.4.1.0.Feature selection.3}{\376\377\000F\000e\000a\000t\000u\000r\000e\000\040\000s\000e\000l\000e\000c\000t\000i\000o\000n}{Subsection.4.0.Austrian Vacation Activities dataset.2}% 13
\BOOKMARK [3][-]{Subsubsection.4.1.1.Redefining cluster assignments - learning more about museum goers.3}{\376\377\000R\000e\000d\000e\000f\000i\000n\000i\000n\000g\000\040\000c\000l\000u\000s\000t\000e\000r\000\040\000a\000s\000s\000i\000g\000n\000m\000e\000n\000t\000s\000\040\000-\000\040\000l\000e\000a\000r\000n\000i\000n\000g\000\040\000m\000o\000r\000e\000\040\000a\000b\000o\000u\000t\000\040\000m\000u\000s\000e\000u\000m\000\040\000g\000o\000e\000r\000s}{Subsection.4.0.Austrian Vacation Activities dataset.2}% 14
\BOOKMARK [2][-]{Subsection.4.1.Australian Vacation Activities dataset.2}{\376\377\000A\000u\000s\000t\000r\000a\000l\000i\000a\000n\000\040\000V\000a\000c\000a\000t\000i\000o\000n\000\040\000A\000c\000t\000i\000v\000i\000t\000i\000e\000s\000\040\000d\000a\000t\000a\000s\000e\000t}{Section.3.Applications.1}% 15
\BOOKMARK [3][-]{Subsubsection.4.2.0.Feature selection.3}{\376\377\000F\000e\000a\000t\000u\000r\000e\000\040\000s\000e\000l\000e\000c\000t\000i\000o\000n}{Subsection.4.1.Australian Vacation Activities dataset.2}% 16
\BOOKMARK [3][-]{Subsubsection.4.2.1.Segmentation of tourists travelling without friends.3}{\376\377\000S\000e\000g\000m\000e\000n\000t\000a\000t\000i\000o\000n\000\040\000o\000f\000\040\000t\000o\000u\000r\000i\000s\000t\000s\000\040\000t\000r\000a\000v\000e\000l\000l\000i\000n\000g\000\040\000w\000i\000t\000h\000o\000u\000t\000\040\000f\000r\000i\000e\000n\000d\000s}{Subsection.4.1.Australian Vacation Activities dataset.2}% 17
\BOOKMARK [1][-]{Section.4.Discussion.1}{\376\377\000D\000i\000s\000c\000u\000s\000s\000i\000o\000n}{}% 18
\BOOKMARK [1][-]{Section.5.Conclusion.1}{\376\377\000C\000o\000n\000c\000l\000u\000s\000i\000o\000n}{}% 19
\BOOKMARK [1][-]{Section.6.Resources and supplementary materials.1}{\376\377\000R\000e\000s\000o\000u\000r\000c\000e\000s\000\040\000a\000n\000d\000\040\000s\000u\000p\000p\000l\000e\000m\000e\000n\000t\000a\000r\000y\000\040\000m\000a\000t\000e\000r\000i\000a\000l\000s}{}% 20
\BOOKMARK [1][-]{Section.7.Acknowledgements.1}{\376\377\000A\000c\000k\000n\000o\000w\000l\000e\000d\000g\000e\000m\000e\000n\000t\000s}{}% 21
